<?xml version="1.0" encoding="UTF-8"?>
<testng-results ignored="0" total="15" passed="15" failed="0" skipped="0">
  <reporter-output>
    <line>
      <![CDATA[<img src='file://D:\EclipseWorkSpace\Day20_PHPTravels_UjianM04\screenshot\20220617_160948.png'height="500" width="1200"/>]]>
    </line>
    <line>
      <![CDATA[<img src='file://D:\EclipseWorkSpace\Day20_PHPTravels_UjianM04\screenshot\20220617_160951.png'height="500" width="1200"/>]]>
    </line>
    <line>
      <![CDATA[<img src='file://D:\EclipseWorkSpace\Day20_PHPTravels_UjianM04\screenshot\20220617_160954.png'height="500" width="1200"/>]]>
    </line>
    <line>
      <![CDATA[<img src='file://D:\EclipseWorkSpace\Day20_PHPTravels_UjianM04\screenshot\20220617_160956.png'height="500" width="1200"/>]]>
    </line>
    <line>
      <![CDATA[<img src='file://D:\EclipseWorkSpace\Day20_PHPTravels_UjianM04\screenshot\20220617_160959.png'height="500" width="1200"/>]]>
    </line>
    <line>
      <![CDATA[<img src='file://D:\EclipseWorkSpace\Day20_PHPTravels_UjianM04\screenshot\20220617_161001.png'height="500" width="1200"/>]]>
    </line>
    <line>
      <![CDATA[<img src='file://D:\EclipseWorkSpace\Day20_PHPTravels_UjianM04\screenshot\20220617_161004.png'height="500" width="1200"/>]]>
    </line>
    <line>
      <![CDATA[<img src='file://D:\EclipseWorkSpace\Day20_PHPTravels_UjianM04\screenshot\20220617_161007.png'height="500" width="1200"/>]]>
    </line>
    <line>
      <![CDATA[<img src='file://D:\EclipseWorkSpace\Day20_PHPTravels_UjianM04\screenshot\20220617_161009.png'height="500" width="1200"/>]]>
    </line>
    <line>
      <![CDATA[<img src='file://D:\EclipseWorkSpace\Day20_PHPTravels_UjianM04\screenshot\20220617_161012.png'height="500" width="1200"/>]]>
    </line>
    <line>
      <![CDATA[<img src='file://D:\EclipseWorkSpace\Day20_PHPTravels_UjianM04\screenshot\20220617_161014.png'height="500" width="1200"/>]]>
    </line>
    <line>
      <![CDATA[<img src='file://D:\EclipseWorkSpace\Day20_PHPTravels_UjianM04\screenshot\20220617_161016.png'height="500" width="1200"/>]]>
    </line>
    <line>
      <![CDATA[<img src='file://D:\EclipseWorkSpace\Day20_PHPTravels_UjianM04\screenshot\20220617_161017.png'height="500" width="1200"/>]]>
    </line>
    <line>
      <![CDATA[<img src='file://D:\EclipseWorkSpace\Day20_PHPTravels_UjianM04\screenshot\20220617_161018.png'height="500" width="1200"/>]]>
    </line>
    <line>
      <![CDATA[<img src='file://D:\EclipseWorkSpace\Day20_PHPTravels_UjianM04\screenshot\20220617_161020.png'height="500" width="1200"/>]]>
    </line>
  </reporter-output>
  <suite started-at="2022-06-17T16:09:40 WIB" name="SuiteTest" finished-at="2022-06-17T16:10:20 WIB" duration-ms="39191">
    <groups>
    </groups>
    <test started-at="2022-06-17T16:09:40 WIB" name="User Authentication" finished-at="2022-06-17T16:10:20 WIB" duration-ms="39191">
      <class name="com.nexsoft.phptravels_ujian04.TestRegisterFunctionality">
        <test-method is-config="true" signature="init()[pri:0, instance:com.nexsoft.phptravels_ujian04.TestRegisterFunctionality@506ae4d4]" started-at="2022-06-17T16:09:43 WIB" name="init" finished-at="2022-06-17T16:09:45 WIB" duration-ms="1708" status="PASS">
          <reporter-output>
          </reporter-output>
        </test-method> <!-- init -->
        <test-method is-config="true" signature="cekSession()[pri:0, instance:com.nexsoft.phptravels_ujian04.TestRegisterFunctionality@506ae4d4]" started-at="2022-06-17T16:09:45 WIB" name="cekSession" finished-at="2022-06-17T16:09:45 WIB" duration-ms="205" status="PASS">
          <reporter-output>
          </reporter-output>
        </test-method> <!-- cekSession -->
        <test-method signature="testRegister_tipedata_Sesuai()[pri:1, instance:com.nexsoft.phptravels_ujian04.TestRegisterFunctionality@506ae4d4]" started-at="2022-06-17T16:09:45 WIB" name="testRegister_tipedata_Sesuai" finished-at="2022-06-17T16:09:48 WIB" duration-ms="3291" status="PASS">
          <reporter-output>
            <line>
              <![CDATA[<img src='file://D:\EclipseWorkSpace\Day20_PHPTravels_UjianM04\screenshot\20220617_160948.png'height="500" width="1200"/>]]>
            </line>
          </reporter-output>
        </test-method> <!-- testRegister_tipedata_Sesuai -->
        <test-method is-config="true" signature="cekSession()[pri:0, instance:com.nexsoft.phptravels_ujian04.TestRegisterFunctionality@506ae4d4]" started-at="2022-06-17T16:09:48 WIB" name="cekSession" finished-at="2022-06-17T16:09:48 WIB" duration-ms="25" status="PASS">
          <reporter-output>
          </reporter-output>
        </test-method> <!-- cekSession -->
        <test-method signature="testRegister_Pass_and_repeatPassword_notSame_with_SameAccInformationSame()[pri:2, instance:com.nexsoft.phptravels_ujian04.TestRegisterFunctionality@506ae4d4]" started-at="2022-06-17T16:09:48 WIB" name="testRegister_Pass_and_repeatPassword_notSame_with_SameAccInformationSame" finished-at="2022-06-17T16:09:51 WIB" duration-ms="2582" status="PASS">
          <reporter-output>
            <line>
              <![CDATA[<img src='file://D:\EclipseWorkSpace\Day20_PHPTravels_UjianM04\screenshot\20220617_160951.png'height="500" width="1200"/>]]>
            </line>
          </reporter-output>
        </test-method> <!-- testRegister_Pass_and_repeatPassword_notSame_with_SameAccInformationSame -->
        <test-method is-config="true" signature="cekSession()[pri:0, instance:com.nexsoft.phptravels_ujian04.TestRegisterFunctionality@506ae4d4]" started-at="2022-06-17T16:09:51 WIB" name="cekSession" finished-at="2022-06-17T16:09:51 WIB" duration-ms="30" status="PASS">
          <reporter-output>
          </reporter-output>
        </test-method> <!-- cekSession -->
        <test-method signature="testRegister_firstName_and_lastName_notStringh_with_SameAccInformationSame()[pri:3, instance:com.nexsoft.phptravels_ujian04.TestRegisterFunctionality@506ae4d4]" started-at="2022-06-17T16:09:51 WIB" name="testRegister_firstName_and_lastName_notStringh_with_SameAccInformationSame" finished-at="2022-06-17T16:09:54 WIB" duration-ms="2560" status="PASS">
          <reporter-output>
            <line>
              <![CDATA[<img src='file://D:\EclipseWorkSpace\Day20_PHPTravels_UjianM04\screenshot\20220617_160954.png'height="500" width="1200"/>]]>
            </line>
          </reporter-output>
        </test-method> <!-- testRegister_firstName_and_lastName_notStringh_with_SameAccInformationSame -->
        <test-method is-config="true" signature="cekSession()[pri:0, instance:com.nexsoft.phptravels_ujian04.TestRegisterFunctionality@506ae4d4]" started-at="2022-06-17T16:09:54 WIB" name="cekSession" finished-at="2022-06-17T16:09:54 WIB" duration-ms="23" status="PASS">
          <reporter-output>
          </reporter-output>
        </test-method> <!-- cekSession -->
        <test-method signature="testRegister_phone_and_zipCode_notNumber_with_SameAccInformationSame()[pri:4, instance:com.nexsoft.phptravels_ujian04.TestRegisterFunctionality@506ae4d4]" started-at="2022-06-17T16:09:54 WIB" name="testRegister_phone_and_zipCode_notNumber_with_SameAccInformationSame" finished-at="2022-06-17T16:09:56 WIB" duration-ms="2601" status="PASS">
          <reporter-output>
            <line>
              <![CDATA[<img src='file://D:\EclipseWorkSpace\Day20_PHPTravels_UjianM04\screenshot\20220617_160956.png'height="500" width="1200"/>]]>
            </line>
          </reporter-output>
        </test-method> <!-- testRegister_phone_and_zipCode_notNumber_with_SameAccInformationSame -->
        <test-method is-config="true" signature="cekSession()[pri:0, instance:com.nexsoft.phptravels_ujian04.TestRegisterFunctionality@506ae4d4]" started-at="2022-06-17T16:09:56 WIB" name="cekSession" finished-at="2022-06-17T16:09:56 WIB" duration-ms="41" status="PASS">
          <reporter-output>
          </reporter-output>
        </test-method> <!-- cekSession -->
        <test-method signature="testRegister_city_and_state_notvalid_with_SameAccInformationSame()[pri:5, instance:com.nexsoft.phptravels_ujian04.TestRegisterFunctionality@506ae4d4]" started-at="2022-06-17T16:09:56 WIB" name="testRegister_city_and_state_notvalid_with_SameAccInformationSame" finished-at="2022-06-17T16:09:59 WIB" duration-ms="2579" status="PASS">
          <reporter-output>
            <line>
              <![CDATA[<img src='file://D:\EclipseWorkSpace\Day20_PHPTravels_UjianM04\screenshot\20220617_160959.png'height="500" width="1200"/>]]>
            </line>
          </reporter-output>
        </test-method> <!-- testRegister_city_and_state_notvalid_with_SameAccInformationSame -->
        <test-method is-config="true" signature="cekSession()[pri:0, instance:com.nexsoft.phptravels_ujian04.TestRegisterFunctionality@506ae4d4]" started-at="2022-06-17T16:09:59 WIB" name="cekSession" finished-at="2022-06-17T16:09:59 WIB" duration-ms="23" status="PASS">
          <reporter-output>
          </reporter-output>
        </test-method> <!-- cekSession -->
        <test-method signature="testRegister_Pass_and_repeatPassword_notSame()[pri:6, instance:com.nexsoft.phptravels_ujian04.TestRegisterFunctionality@506ae4d4]" started-at="2022-06-17T16:09:59 WIB" name="testRegister_Pass_and_repeatPassword_notSame" finished-at="2022-06-17T16:10:01 WIB" duration-ms="2542" status="PASS">
          <reporter-output>
            <line>
              <![CDATA[<img src='file://D:\EclipseWorkSpace\Day20_PHPTravels_UjianM04\screenshot\20220617_161001.png'height="500" width="1200"/>]]>
            </line>
          </reporter-output>
        </test-method> <!-- testRegister_Pass_and_repeatPassword_notSame -->
        <test-method is-config="true" signature="cekSession()[pri:0, instance:com.nexsoft.phptravels_ujian04.TestRegisterFunctionality@506ae4d4]" started-at="2022-06-17T16:10:01 WIB" name="cekSession" finished-at="2022-06-17T16:10:02 WIB" duration-ms="25" status="PASS">
          <reporter-output>
          </reporter-output>
        </test-method> <!-- cekSession -->
        <test-method signature="testRegister_firstName_and_lastName_notString()[pri:7, instance:com.nexsoft.phptravels_ujian04.TestRegisterFunctionality@506ae4d4]" started-at="2022-06-17T16:10:02 WIB" name="testRegister_firstName_and_lastName_notString" finished-at="2022-06-17T16:10:04 WIB" duration-ms="2543" status="PASS">
          <reporter-output>
            <line>
              <![CDATA[<img src='file://D:\EclipseWorkSpace\Day20_PHPTravels_UjianM04\screenshot\20220617_161004.png'height="500" width="1200"/>]]>
            </line>
          </reporter-output>
        </test-method> <!-- testRegister_firstName_and_lastName_notString -->
        <test-method is-config="true" signature="cekSession()[pri:0, instance:com.nexsoft.phptravels_ujian04.TestRegisterFunctionality@506ae4d4]" started-at="2022-06-17T16:10:04 WIB" name="cekSession" finished-at="2022-06-17T16:10:04 WIB" duration-ms="26" status="PASS">
          <reporter-output>
          </reporter-output>
        </test-method> <!-- cekSession -->
        <test-method signature="testRegister_phone_and_zipCode_notNumber()[pri:8, instance:com.nexsoft.phptravels_ujian04.TestRegisterFunctionality@506ae4d4]" started-at="2022-06-17T16:10:04 WIB" name="testRegister_phone_and_zipCode_notNumber" finished-at="2022-06-17T16:10:07 WIB" duration-ms="2523" status="PASS">
          <reporter-output>
            <line>
              <![CDATA[<img src='file://D:\EclipseWorkSpace\Day20_PHPTravels_UjianM04\screenshot\20220617_161007.png'height="500" width="1200"/>]]>
            </line>
          </reporter-output>
        </test-method> <!-- testRegister_phone_and_zipCode_notNumber -->
        <test-method is-config="true" signature="cekSession()[pri:0, instance:com.nexsoft.phptravels_ujian04.TestRegisterFunctionality@506ae4d4]" started-at="2022-06-17T16:10:07 WIB" name="cekSession" finished-at="2022-06-17T16:10:07 WIB" duration-ms="26" status="PASS">
          <reporter-output>
          </reporter-output>
        </test-method> <!-- cekSession -->
        <test-method signature="testRegister_city_and_state_notvalid()[pri:9, instance:com.nexsoft.phptravels_ujian04.TestRegisterFunctionality@506ae4d4]" started-at="2022-06-17T16:10:07 WIB" name="testRegister_city_and_state_notvalid" finished-at="2022-06-17T16:10:09 WIB" duration-ms="2708" status="PASS">
          <reporter-output>
            <line>
              <![CDATA[<img src='file://D:\EclipseWorkSpace\Day20_PHPTravels_UjianM04\screenshot\20220617_161009.png'height="500" width="1200"/>]]>
            </line>
          </reporter-output>
        </test-method> <!-- testRegister_city_and_state_notvalid -->
        <test-method is-config="true" signature="cekSession()[pri:0, instance:com.nexsoft.phptravels_ujian04.TestRegisterFunctionality@506ae4d4]" started-at="2022-06-17T16:10:09 WIB" name="cekSession" finished-at="2022-06-17T16:10:09 WIB" duration-ms="27" status="PASS">
          <reporter-output>
          </reporter-output>
        </test-method> <!-- cekSession -->
        <test-method signature="testRegister_Data_Null()[pri:10, instance:com.nexsoft.phptravels_ujian04.TestRegisterFunctionality@506ae4d4]" started-at="2022-06-17T16:10:09 WIB" name="testRegister_Data_Null" finished-at="2022-06-17T16:10:12 WIB" duration-ms="2291" status="PASS">
          <reporter-output>
            <line>
              <![CDATA[<img src='file://D:\EclipseWorkSpace\Day20_PHPTravels_UjianM04\screenshot\20220617_161012.png'height="500" width="1200"/>]]>
            </line>
          </reporter-output>
        </test-method> <!-- testRegister_Data_Null -->
      </class> <!-- com.nexsoft.phptravels_ujian04.TestRegisterFunctionality -->
      <class name="com.nexsoft.phptravels_ujian04.TestLoginFunctionality">
        <test-method is-config="true" signature="init()[pri:0, instance:com.nexsoft.phptravels_ujian04.TestLoginFunctionality@771a660]" started-at="2022-06-17T16:09:40 WIB" name="init" finished-at="2022-06-17T16:09:43 WIB" duration-ms="2760" status="PASS">
          <reporter-output>
          </reporter-output>
        </test-method> <!-- init -->
        <test-method is-config="true" signature="cekSession()[pri:0, instance:com.nexsoft.phptravels_ujian04.TestLoginFunctionality@771a660]" started-at="2022-06-17T16:10:12 WIB" name="cekSession" finished-at="2022-06-17T16:10:12 WIB" duration-ms="208" status="PASS">
          <reporter-output>
          </reporter-output>
        </test-method> <!-- cekSession -->
        <test-method signature="testLogout_after_Login()[pri:1, instance:com.nexsoft.phptravels_ujian04.TestLoginFunctionality@771a660]" started-at="2022-06-17T16:10:12 WIB" name="testLogout_after_Login" finished-at="2022-06-17T16:10:14 WIB" duration-ms="2430" status="PASS">
          <reporter-output>
            <line>
              <![CDATA[<img src='file://D:\EclipseWorkSpace\Day20_PHPTravels_UjianM04\screenshot\20220617_161014.png'height="500" width="1200"/>]]>
            </line>
          </reporter-output>
        </test-method> <!-- testLogout_after_Login -->
        <test-method is-config="true" signature="cekSession()[pri:0, instance:com.nexsoft.phptravels_ujian04.TestLoginFunctionality@771a660]" started-at="2022-06-17T16:10:14 WIB" name="cekSession" finished-at="2022-06-17T16:10:14 WIB" duration-ms="32" status="PASS">
          <reporter-output>
          </reporter-output>
        </test-method> <!-- cekSession -->
        <test-method signature="testLogin_With_Valid_User_and_unValidPassword()[pri:2, instance:com.nexsoft.phptravels_ujian04.TestLoginFunctionality@771a660]" started-at="2022-06-17T16:10:14 WIB" name="testLogin_With_Valid_User_and_unValidPassword" finished-at="2022-06-17T16:10:16 WIB" duration-ms="1285" status="PASS">
          <reporter-output>
            <line>
              <![CDATA[<img src='file://D:\EclipseWorkSpace\Day20_PHPTravels_UjianM04\screenshot\20220617_161016.png'height="500" width="1200"/>]]>
            </line>
          </reporter-output>
        </test-method> <!-- testLogin_With_Valid_User_and_unValidPassword -->
        <test-method is-config="true" signature="cekSession()[pri:0, instance:com.nexsoft.phptravels_ujian04.TestLoginFunctionality@771a660]" started-at="2022-06-17T16:10:16 WIB" name="cekSession" finished-at="2022-06-17T16:10:16 WIB" duration-ms="27" status="PASS">
          <reporter-output>
          </reporter-output>
        </test-method> <!-- cekSession -->
        <test-method signature="testLogin_With_unValid_User_and_ValidPassword()[pri:3, instance:com.nexsoft.phptravels_ujian04.TestLoginFunctionality@771a660]" started-at="2022-06-17T16:10:16 WIB" name="testLogin_With_unValid_User_and_ValidPassword" finished-at="2022-06-17T16:10:17 WIB" duration-ms="1229" status="PASS">
          <reporter-output>
            <line>
              <![CDATA[<img src='file://D:\EclipseWorkSpace\Day20_PHPTravels_UjianM04\screenshot\20220617_161017.png'height="500" width="1200"/>]]>
            </line>
          </reporter-output>
        </test-method> <!-- testLogin_With_unValid_User_and_ValidPassword -->
        <test-method is-config="true" signature="cekSession()[pri:0, instance:com.nexsoft.phptravels_ujian04.TestLoginFunctionality@771a660]" started-at="2022-06-17T16:10:17 WIB" name="cekSession" finished-at="2022-06-17T16:10:17 WIB" duration-ms="43" status="PASS">
          <reporter-output>
          </reporter-output>
        </test-method> <!-- cekSession -->
        <test-method signature="testLogin_With_Null_User_and_ValidPassword()[pri:4, instance:com.nexsoft.phptravels_ujian04.TestLoginFunctionality@771a660]" started-at="2022-06-17T16:10:17 WIB" name="testLogin_With_Null_User_and_ValidPassword" finished-at="2022-06-17T16:10:18 WIB" duration-ms="1246" status="PASS">
          <reporter-output>
            <line>
              <![CDATA[<img src='file://D:\EclipseWorkSpace\Day20_PHPTravels_UjianM04\screenshot\20220617_161018.png'height="500" width="1200"/>]]>
            </line>
          </reporter-output>
        </test-method> <!-- testLogin_With_Null_User_and_ValidPassword -->
        <test-method is-config="true" signature="cekSession()[pri:0, instance:com.nexsoft.phptravels_ujian04.TestLoginFunctionality@771a660]" started-at="2022-06-17T16:10:18 WIB" name="cekSession" finished-at="2022-06-17T16:10:18 WIB" duration-ms="34" status="PASS">
          <reporter-output>
          </reporter-output>
        </test-method> <!-- cekSession -->
        <test-method signature="testLogin_with_Valid_User_and_Password()[pri:5, instance:com.nexsoft.phptravels_ujian04.TestLoginFunctionality@771a660]" started-at="2022-06-17T16:10:18 WIB" name="testLogin_with_Valid_User_and_Password" finished-at="2022-06-17T16:10:20 WIB" duration-ms="1453" status="PASS">
          <reporter-output>
            <line>
              <![CDATA[<img src='file://D:\EclipseWorkSpace\Day20_PHPTravels_UjianM04\screenshot\20220617_161020.png'height="500" width="1200"/>]]>
            </line>
          </reporter-output>
        </test-method> <!-- testLogin_with_Valid_User_and_Password -->
      </class> <!-- com.nexsoft.phptravels_ujian04.TestLoginFunctionality -->
    </test> <!-- User Authentication -->
  </suite> <!-- SuiteTest -->
</testng-results>
