<?xml version="1.0" encoding="UTF-8"?>
<!-- Generated by org.testng.reporters.JUnitXMLReporter -->
<testsuite ignored="0" hostname="Nexsoft" failures="0" tests="15" name="User Authentication" time="39.191" errors="0" timestamp="2022-06-17T16:10:20 WIB">
  <testcase classname="com.nexsoft.phptravels_ujian04.TestRegisterFunctionality" name="testRegister_tipedata_Sesuai" time="3.291"/>
  <testcase classname="com.nexsoft.phptravels_ujian04.TestRegisterFunctionality" name="testRegister_Pass_and_repeatPassword_notSame_with_SameAccInformationSame" time="2.582"/>
  <testcase classname="com.nexsoft.phptravels_ujian04.TestRegisterFunctionality" name="testRegister_firstName_and_lastName_notStringh_with_SameAccInformationSame" time="2.56"/>
  <testcase classname="com.nexsoft.phptravels_ujian04.TestRegisterFunctionality" name="testRegister_phone_and_zipCode_notNumber_with_SameAccInformationSame" time="2.601"/>
  <testcase classname="com.nexsoft.phptravels_ujian04.TestRegisterFunctionality" name="testRegister_city_and_state_notvalid_with_SameAccInformationSame" time="2.579"/>
  <testcase classname="com.nexsoft.phptravels_ujian04.TestRegisterFunctionality" name="testRegister_Pass_and_repeatPassword_notSame" time="2.542"/>
  <testcase classname="com.nexsoft.phptravels_ujian04.TestRegisterFunctionality" name="testRegister_firstName_and_lastName_notString" time="2.543"/>
  <testcase classname="com.nexsoft.phptravels_ujian04.TestRegisterFunctionality" name="testRegister_phone_and_zipCode_notNumber" time="2.523"/>
  <testcase classname="com.nexsoft.phptravels_ujian04.TestRegisterFunctionality" name="testRegister_city_and_state_notvalid" time="2.708"/>
  <testcase classname="com.nexsoft.phptravels_ujian04.TestRegisterFunctionality" name="testRegister_Data_Null" time="2.291"/>
  <testcase classname="com.nexsoft.phptravels_ujian04.TestLoginFunctionality" name="testLogout_after_Login" time="2.43"/>
  <testcase classname="com.nexsoft.phptravels_ujian04.TestLoginFunctionality" name="testLogin_With_Valid_User_and_unValidPassword" time="1.285"/>
  <testcase classname="com.nexsoft.phptravels_ujian04.TestLoginFunctionality" name="testLogin_With_unValid_User_and_ValidPassword" time="1.229"/>
  <testcase classname="com.nexsoft.phptravels_ujian04.TestLoginFunctionality" name="testLogin_With_Null_User_and_ValidPassword" time="1.246"/>
  <testcase classname="com.nexsoft.phptravels_ujian04.TestLoginFunctionality" name="testLogin_with_Valid_User_and_Password" time="1.453"/>
</testsuite> <!-- User Authentication -->
